{
  message: 'An error log',
  level: 'error',
  timestamp: '2024-06-06T21:38:57.728Z'
}
{
  level: 'error',
  message: 'An error log',
  stack: 'Error\n' +
    '    at Object.<anonymous> (C:\\Users\\Robin\\Documents\\shop-admin\\test\\backend\\app.js:22:31)\n' +
    '    at Module._compile (node:internal/modules/cjs/loader:1369:14)\n' +
    '    at Module._extensions..js (node:internal/modules/cjs/loader:1427:10)\n' +
    '    at Module.load (node:internal/modules/cjs/loader:1206:32)\n' +
    '    at Module._load (node:internal/modules/cjs/loader:1022:12)\n' +
    '    at Module.require (node:internal/modules/cjs/loader:1231:19)\n' +
    '    at require (node:internal/modules/helpers:179:18)\n' +
    '    at Object.<anonymous> (C:\\Users\\Robin\\Documents\\shop-admin\\test\\backend\\server.js:1:13)\n' +
    '    at Module._compile (node:internal/modules/cjs/loader:1369:14)\n' +
    '    at Module._extensions..js (node:internal/modules/cjs/loader:1427:10)',
  timestamp: '2024-06-06T21:40:57.362Z'
}
