2024-07-17T20:14:46.497Z warn: HTTP POST /api/login - No message provided
Request: {
  "url": "/api/login",
  "headers": {
    "host": "localhost:3131",
    "connection": "keep-alive",
    "content-length": "44",
    "sec-ch-ua": "\"Not/A)Brand\";v=\"8\", \"Chromium\";v=\"126\", \"Google Chrome\";v=\"126\"",
    "accept": "application/json, text/plain, */*",
    "content-type": "application/json",
    "sec-ch-ua-mobile": "?0",
    "user-agent": "Mozilla/5.0 (Windows NT 10.0; Win64; x64) AppleWebKit/537.36 (KHTML, like Gecko) Chrome/126.0.0.0 Safari/537.36",
    "sec-ch-ua-platform": "\"Windows\"",
    "origin": "http://localhost:3000",
    "sec-fetch-site": "same-site",
    "sec-fetch-mode": "cors",
    "sec-fetch-dest": "empty",
    "referer": "http://localhost:3000/",
    "accept-encoding": "gzip, deflate, br, zstd",
    "accept-language": "en-US,en;q=0.9,de;q=0.8"
  },
  "method": "POST",
  "httpVersion": "1.1",
  "originalUrl": "/api/login",
  "query": {}
}
Response: {
  "statusCode": 401
}
2024-07-17T20:14:52.542Z warn: HTTP POST /api/login - No message provided
Request: {
  "url": "/api/login",
  "headers": {
    "host": "localhost:3131",
    "connection": "keep-alive",
    "content-length": "44",
    "sec-ch-ua": "\"Not/A)Brand\";v=\"8\", \"Chromium\";v=\"126\", \"Google Chrome\";v=\"126\"",
    "accept": "application/json, text/plain, */*",
    "content-type": "application/json",
    "sec-ch-ua-mobile": "?0",
    "user-agent": "Mozilla/5.0 (Windows NT 10.0; Win64; x64) AppleWebKit/537.36 (KHTML, like Gecko) Chrome/126.0.0.0 Safari/537.36",
    "sec-ch-ua-platform": "\"Windows\"",
    "origin": "http://localhost:3000",
    "sec-fetch-site": "same-site",
    "sec-fetch-mode": "cors",
    "sec-fetch-dest": "empty",
    "referer": "http://localhost:3000/",
    "accept-encoding": "gzip, deflate, br, zstd",
    "accept-language": "en-US,en;q=0.9,de;q=0.8"
  },
  "method": "POST",
  "httpVersion": "1.1",
  "originalUrl": "/api/login",
  "query": {}
}
Response: {
  "statusCode": 401
}
