{
  meta: {
    req: {
      url: '/api/login',
      headers: {
        'user-agent': 'PostmanRuntime/7.39.0',
        accept: '*/*',
        'postman-token': 'baa7876c-bf57-47fb-b84b-5257e85474e4',
        host: 'localhost:3131',
        'accept-encoding': 'gzip, deflate, br',
        connection: 'keep-alive',
        'content-type': 'multipart/form-data; boundary=--------------------------463746247922979422856919',
        'content-length': '1773'
      },
      method: 'POST',
      httpVersion: '1.1',
      originalUrl: '/api/login',
      query: {}
    },
    res: { statusCode: 500 },
    responseTime: 7
  },
  level: 'error',
  message: 'HTTP POST /api/login'
}
{
  meta: {
    req: {
      url: '/api/login',
      headers: {
        'user-agent': 'PostmanRuntime/7.39.0',
        accept: '*/*',
        'postman-token': '0be7dcd9-0f47-4f6d-9928-0045132bda34',
        host: 'localhost:3131',
        'accept-encoding': 'gzip, deflate, br',
        connection: 'keep-alive',
        'content-type': 'multipart/form-data; boundary=--------------------------103138830031621580500999',
        'content-length': '1773'
      },
      method: 'POST',
      httpVersion: '1.1',
      originalUrl: '/api/login',
      query: {}
    },
    res: { statusCode: 500 },
    responseTime: 2
  },
  level: 'error',
  message: 'HTTP POST /api/login'
}
{
  meta: {
    req: {
      url: '/api/login',
      headers: {
        'user-agent': 'PostmanRuntime/7.39.0',
        accept: '*/*',
        'postman-token': 'bf3bc3be-95e1-4489-b9c4-51bf36449214',
        host: 'localhost:3131',
        'accept-encoding': 'gzip, deflate, br',
        connection: 'keep-alive',
        'content-type': 'multipart/form-data; boundary=--------------------------734685675321605676256899',
        'content-length': '1773'
      },
      method: 'POST',
      httpVersion: '1.1',
      originalUrl: '/api/login',
      query: {}
    },
    res: { statusCode: 500 },
    responseTime: 7
  },
  level: 'error',
  message: 'HTTP POST /api/login'
}
