{
  meta: {
    req: {
      url: '/api/login',
      headers: {
        'user-agent': 'PostmanRuntime/7.39.0',
        accept: '*/*',
        'postman-token': '7e2af699-cf9d-4f96-b523-16fddbca9e44',
        host: 'localhost:3131',
        'accept-encoding': 'gzip, deflate, br',
        connection: 'keep-alive',
        'content-type': 'multipart/form-data; boundary=--------------------------724898350299326380658928',
        'content-length': '1773'
      },
      method: 'POST',
      httpVersion: '1.1',
      originalUrl: '/api/login',
      query: {}
    },
    res: { statusCode: 500 },
    responseTime: 7
  },
  level: 'error',
  message: 'HTTP POST /api/login'
}
{
  meta: {
    req: {
      url: '/api/login',
      headers: {
        'user-agent': 'PostmanRuntime/7.39.0',
        accept: '*/*',
        'postman-token': '689aaf6d-042d-4127-9528-761273c14317',
        host: 'localhost:3131',
        'accept-encoding': 'gzip, deflate, br',
        connection: 'keep-alive',
        'content-type': 'multipart/form-data; boundary=--------------------------309451616245795981558551',
        'content-length': '1773'
      },
      method: 'POST',
      httpVersion: '1.1',
      originalUrl: '/api/login',
      query: {}
    },
    res: { statusCode: 500 },
    responseTime: 2
  },
  level: 'error',
  message: 'HTTP POST /api/login'
}
{
  meta: {
    req: {
      url: '/api/contentData/banners',
      headers: {
        'user-agent': 'PostmanRuntime/7.39.0',
        accept: '*/*',
        'postman-token': 'dccec996-b087-487b-b448-923a5e103c34',
        host: 'localhost:3131',
        'accept-encoding': 'gzip, deflate, br',
        connection: 'keep-alive',
        'content-type': 'multipart/form-data; boundary=--------------------------044573924597721305650406',
        'content-length': '1773'
      },
      method: 'POST',
      httpVersion: '1.1',
      originalUrl: '/api/contentData/banners',
      query: {}
    },
    res: { statusCode: 404 },
    responseTime: 3
  },
  level: 'warn',
  message: 'HTTP POST /api/contentData/banners'
}
{
  meta: {
    req: {
      url: '/223',
      headers: {
        'user-agent': 'PostmanRuntime/7.39.0',
        accept: '*/*',
        'postman-token': 'ca5d98c9-e661-422f-a4eb-1376c85a81c5',
        host: 'localhost:3131',
        'accept-encoding': 'gzip, deflate, br',
        connection: 'keep-alive',
        'content-type': 'multipart/form-data; boundary=--------------------------725679426842616603108783',
        'content-length': '1773'
      },
      method: 'GET',
      httpVersion: '1.1',
      originalUrl: '/223',
      query: {}
    },
    res: { statusCode: 404 },
    responseTime: 3
  },
  level: 'warn',
  message: 'HTTP GET /223'
}
{
  meta: {
    req: {
      url: '/api/error-test',
      headers: {
        'user-agent': 'PostmanRuntime/7.39.0',
        accept: '*/*',
        'postman-token': 'a89146b3-f1cb-441e-b326-bb2ebbfc00d3',
        host: 'localhost:3131',
        'accept-encoding': 'gzip, deflate, br',
        connection: 'keep-alive',
        'content-type': 'multipart/form-data; boundary=--------------------------728574854997918293849003',
        'content-length': '1773'
      },
      method: 'GET',
      httpVersion: '1.1',
      originalUrl: '/api/error-test',
      query: {}
    },
    res: { statusCode: 404 },
    responseTime: 3
  },
  level: 'warn',
  message: 'HTTP GET /api/error-test'
}
{
  meta: {
    req: {
      url: '/api/error-test',
      headers: {
        'user-agent': 'PostmanRuntime/7.39.0',
        accept: '*/*',
        'postman-token': 'b5e3a909-0c96-49cc-9e57-d2733cf1e63a',
        host: 'localhost:3131',
        'accept-encoding': 'gzip, deflate, br',
        connection: 'keep-alive',
        'content-type': 'multipart/form-data; boundary=--------------------------477434539415532799709690',
        'content-length': '1773'
      },
      method: 'GET',
      httpVersion: '1.1',
      originalUrl: '/api/error-test',
      query: {}
    },
    res: { statusCode: 500 },
    responseTime: 8
  },
  level: 'error',
  message: 'HTTP GET /api/error-test'
}
{
  meta: {
    req: {
      url: '/api/error-test',
      headers: {
        'user-agent': 'PostmanRuntime/7.39.0',
        accept: '*/*',
        'postman-token': '86a5848e-4854-47a8-b280-91ec799a409c',
        host: 'localhost:3131',
        'accept-encoding': 'gzip, deflate, br',
        connection: 'keep-alive'
      },
      method: 'GET',
      httpVersion: '1.1',
      originalUrl: '/api/error-test',
      query: {}
    },
    res: { statusCode: 500 },
    responseTime: 2
  },
  level: 'error',
  message: 'HTTP GET /api/error-test'
}
{
  meta: {
    req: {
      url: '/api/error-test',
      headers: {
        'user-agent': 'PostmanRuntime/7.39.0',
        accept: '*/*',
        'postman-token': 'eea069ec-6dc9-480d-ac4e-93fcb8629a7e',
        host: 'localhost:3131',
        'accept-encoding': 'gzip, deflate, br',
        connection: 'keep-alive'
      },
      method: 'GET',
      httpVersion: '1.1',
      originalUrl: '/api/error-test',
      query: {}
    },
    res: { statusCode: 500 },
    responseTime: 2
  },
  level: 'error',
  message: 'HTTP GET /api/error-test'
}
{
  meta: {
    req: {
      url: '/api/error-test',
      headers: {
        'user-agent': 'PostmanRuntime/7.39.0',
        accept: '*/*',
        'postman-token': 'bdacaeef-0963-4063-8e7d-b54feea15e90',
        host: 'localhost:3131',
        'accept-encoding': 'gzip, deflate, br',
        connection: 'keep-alive'
      },
      method: 'GET',
      httpVersion: '1.1',
      originalUrl: '/api/error-test',
      query: {}
    },
    res: { statusCode: 500 },
    responseTime: 2
  },
  level: 'error',
  message: 'HTTP GET /api/error-test'
}
2024-06-09T19:05:46.717Z error : undefined
2024-06-09T19:05:48.118Z error : undefined
2024-06-09T19:06:04.020Z warn : undefined
2024-06-09T19:06:20.413Z error : undefined
2024-06-09T19:06:24.608Z error : undefined
2024-06-09T19:06:26.160Z error : undefined
2024-06-14T23:56:29.860Z warn : undefined
2024-06-14T23:56:37.306Z warn : undefined
2024-06-14T23:57:11.547Z warn : undefined
2024-06-14T23:58:24.352Z warn : undefined
2024-06-15T23:40:46.411Z warn : undefined
2024-06-15T23:40:53.112Z warn : undefined
2024-06-16T21:19:34.607Z warn : undefined
2024-07-01T22:30:32.459Z warn : undefined
2024-07-01T22:30:34.151Z warn : undefined
2024-07-04T23:29:09.272Z error : undefined
2024-07-08T22:49:23.156Z error: HTTP POST /api/upload - No message provided
Request: {
  "url": "/api/upload",
  "headers": {
    "host": "localhost:3131",
    "connection": "keep-alive",
    "content-length": "529",
    "sec-ch-ua": "\"Not/A)Brand\";v=\"8\", \"Chromium\";v=\"126\", \"Google Chrome\";v=\"126\"",
    "sec-ch-ua-platform": "\"Windows\"",
    "sec-ch-ua-mobile": "?0",
    "user-agent": "Mozilla/5.0 (Windows NT 10.0; Win64; x64) AppleWebKit/537.36 (KHTML, like Gecko) Chrome/126.0.0.0 Safari/537.36",
    "content-type": "multipart/form-data; boundary=----WebKitFormBoundarylNIlsPSqwjXtbIik",
    "accept": "*/*",
    "origin": "http://localhost:3000",
    "sec-fetch-site": "same-site",
    "sec-fetch-mode": "cors",
    "sec-fetch-dest": "empty",
    "referer": "http://localhost:3000/",
    "accept-encoding": "gzip, deflate, br, zstd",
    "accept-language": "en-US,en;q=0.9,de;q=0.8"
  },
  "method": "POST",
  "httpVersion": "1.1",
  "originalUrl": "/api/upload",
  "query": {}
}
Response: {
  "statusCode": 500
}
2024-07-10T21:54:55.466Z warn: HTTP POST /api/login - No message provided
Request: {
  "url": "/api/login",
  "headers": {
    "host": "localhost:3131",
    "connection": "keep-alive",
    "content-length": "40",
    "sec-ch-ua": "\"Not/A)Brand\";v=\"8\", \"Chromium\";v=\"126\", \"Google Chrome\";v=\"126\"",
    "accept": "application/json, text/plain, */*",
    "content-type": "application/json",
    "sec-ch-ua-mobile": "?0",
    "user-agent": "Mozilla/5.0 (Windows NT 10.0; Win64; x64) AppleWebKit/537.36 (KHTML, like Gecko) Chrome/126.0.0.0 Safari/537.36",
    "sec-ch-ua-platform": "\"Windows\"",
    "origin": "http://localhost:3000",
    "sec-fetch-site": "same-site",
    "sec-fetch-mode": "cors",
    "sec-fetch-dest": "empty",
    "referer": "http://localhost:3000/",
    "accept-encoding": "gzip, deflate, br, zstd",
    "accept-language": "en-US,en;q=0.9,de;q=0.8"
  },
  "method": "POST",
  "httpVersion": "1.1",
  "originalUrl": "/api/login",
  "query": {}
}
Response: {
  "statusCode": 401
}
2024-07-10T21:54:55.788Z warn: HTTP POST /api/login - No message provided
Request: {
  "url": "/api/login",
  "headers": {
    "host": "localhost:3131",
    "connection": "keep-alive",
    "content-length": "40",
    "sec-ch-ua": "\"Not/A)Brand\";v=\"8\", \"Chromium\";v=\"126\", \"Google Chrome\";v=\"126\"",
    "accept": "application/json, text/plain, */*",
    "content-type": "application/json",
    "sec-ch-ua-mobile": "?0",
    "user-agent": "Mozilla/5.0 (Windows NT 10.0; Win64; x64) AppleWebKit/537.36 (KHTML, like Gecko) Chrome/126.0.0.0 Safari/537.36",
    "sec-ch-ua-platform": "\"Windows\"",
    "origin": "http://localhost:3000",
    "sec-fetch-site": "same-site",
    "sec-fetch-mode": "cors",
    "sec-fetch-dest": "empty",
    "referer": "http://localhost:3000/",
    "accept-encoding": "gzip, deflate, br, zstd",
    "accept-language": "en-US,en;q=0.9,de;q=0.8"
  },
  "method": "POST",
  "httpVersion": "1.1",
  "originalUrl": "/api/login",
  "query": {}
}
Response: {
  "statusCode": 401
}
